x
10 28 0
9 87 35
x
x
1 33 7
x
10 15 36
1 24 42
9 78 11
13 37 35
8 92 24
5 93 9
15 84 33
4 0 4
x
14 97 30
10 54 3
5 49 14
x
11 61 39
x
x
5 5 5
11 42 4
0 72 31
1 69 0
x
2 28 8
x
10 96 25
11 28 1
x
10 78 41
11 15 37
7 48 32
x
x
12 92 2
x
11 79 42
12 0 12
x
12 70 43
3 63 32
0 88 34
3 38 9
x
10 92 44
12 64 11
1 20 20
x
13 25 3
x
11 92 0
x
12 20 31
7 15 10
0 41 23
x
13 0 13
x
x
x
12 42 5
8 49 33
2 45 43
8 19 11
6 85 24
12 39 38
15 78 17
2 93 39
0 85 18
5 58 17
2 62 1
x
13 79 44
4 98 33
x
15 61 11
1 84 19
2 49 27
14 74 0
x
x
6 92 10
3 15 44
3 77 2
x
6 0 6
5 39 27
3 98 38
6 47 15
8 14 40
x
x
6 59 18
x
12 86 26
12 30 18
x
x
14 3 14
x
x
14 38 36
11 76 17
12 83 1
x
7 0 7
14 58 26
x
x
11 5 27
8 0 8
x
x
12 25 2
7 79 25
15 0 15
12 5 28
10 83 12
5 63 33
13 5 29
14 8 30
13 46 9
x
3 67 28
13 20 32
14 61 10
x
x
x
x
3 50 40
4 20 0
3 36 24
4 62 25
x
13 69 12
x
13 75 2
13 96 27
x
9 15 12
13 33 19
6 64 34
x
x
2 10 34
x
14 87 3
x
5 0 1
7 20 26
14 67 13
x
x
13 72 28
1 87 35
x
15 9 31
x
14 71 29
14 0 4
15 41 37
x
x
15 5 27
x
15 74 1
9 51 34
x
x
7 86 11
x
10 18 13
x
14 28 33
9 10 41
0 16 3
9 0 9
14 23 20
0 48 28
10 63 22
10 59 35
x
4 45 10
15 71 30
x
x
x
x
15 37 21
x
15 87 4
x
1 15 4
2 24 37
0 65 12
x
3 28 38
13 28 3
13 49 22
0 81 2
x
x
1 62 13
x
x
x
x
8 79 26
x
x
15 54 11
0 97 12
13 41 6
x
6 56 2
x
0 43 38
2 20 21
x
x
7 44 16
13 53 18
9 83 27
0 36 22
x
4 73 3
x
3 24 22
15 81 19
x
8 87 12
4 33 39
9 93 13
0 11 32
x
x
15 29 5
5 67 4
10 10 42
3 10 35
15 68 14
14 42 7
11 18 14
0 91 5
0 74 15
0 5 16
9 64 34
x
2 54 14
x
x
7 60 35
4 10 36
x
6 68 5
11 51 36
1 40 23
12 51 37
11 95 14
1 59 20
x
2 78 20
1 74 16
5 97 21
x
x
x
10 88 28
x
4 29 23
14 94 28
x
x
x
4 96 41
2 67 17
x
1 66 29
2 81 36
x
5 37 26
2 58 30
x
x
x
5 81 42
x
5 33 11
x
3 95 37
0 0 0
x
2 32 24
4 64 29
x
x
x
4 78 6
x
3 42 25
0 78 31
1 10 33
1 44 39
14 33 4
1 77 32
1 5 17
x
15 97 22
15 94 29
x
5 25 24
4 84 38
x
0 94 18
x
2 5 18
7 52 3
11 10 43
x
13 56 38
8 24 27
x
14 51 39
x
x
6 38 28
3 82 18
3 5 19
5 87 39
x
15 32 5
8 5 4
14 47 23
7 96 6
1 37 13
6 34 12
x
15 24 34
13 92 15
2 15 5
x
3 90 21
6 6 27
0 26 35
x
4 37 19
1 96 30
1 0 1
x
10 37 1
11 58 23
15 45 8
3 73 15
12 15 15
0 52 9
x
1 28 36
x
x
6 89 40
x
8 45 17
2 97 14
x
7 28 13
x
2 0 2
x
5 78 7
4 5 20
4 81 22
5 72 20
2 70 33
x
7 35 29
2 36 40
5 10 21
0 31 6
x
5 29 40
x
9 24 28
5 15 37
x
6 27 41
6 76 21
11 83 13
7 69 22
x
6 82 8
11 88 29
x
1 80 3
7 55 19
2 90 31
x
10 0 10
12 79 30
1 93 19
3 46 34
4 93 32
5 53 30
x
x
9 20 5
6 31 43
8 72 23
4 41 35
x
15 57 40
1 49 10
9 47 18
x
3 53 41
4 53 42
12 10 44
13 10 0
x
9 71 24
x
13 88 31
x
13 15 16
6 8 22
11 64 7
12 61 40
8 53 36
9 41 28
12 90 29
6 13 38
3 0 3
8 36 30
x
7 83 41
5 45 43
3 32 31
7 64 6
x
14 18 17
6 51 31
x
2 40 11
x
3 58 12
x
8 58 20
5 75 36
6 23 25
10 75 25
x
x
10 33 6
x
11 55 7
8 63 7
15 50 24
9 36 31
x
x
6 79 37
10 44 19
x
x
x
2 74 4
12 96 8
x
12 74 14
9 55 21
x
x
x
3 86 5
x
x
11 73 26
13 66 41
x
12 55 8
x
15 19 18
13 60 9
x
7 73 38
12 58 24
x
14 90 16
x
2 87 20
0 21 19
7 76 9
x
14 13 1
4 49 26
x
x
1 90 6
x
9 60 37
12 98 35
x
x
8 32 14
8 76 10
4 90 21
x
9 32 15
7 10 39
3 19 6
x
x
x
10 49 32
11 47 20
7 5 23
8 9 24
6 43 44
3 65 36
4 57 13
x
x
x
2 84 7
x
x
x
x
10 40 16
x
x
7 40 0
x
8 84 42
5 90 15
x
x
8 68 39
x
x
x
x
x
14 83 32
x
4 24 32
9 66 8
13 83 15
3 93 37
4 15 7
12 67 27
x
x
5 20 8
11 0 11
x
x
4 87 8
x
x
x
13 63 25
x
9 5 25
x
x
8 41 1
x
14 64 42
0 61 41
6 18 9
12 47 21
15 14 2
x
7 93 33
x
8 95 34
x
10 70 9
10 5 26
0 57 25
5 84 23
10 24 29
15 65 43
10 66 38
x
x
11 37 33
1 55 26
x
9 90 43
x
x
6 96 22
0 69 44
15 90 17
x
x
11 23 30
12 34 34
x
7 32 44
4 69 16
14 55 10
x
7 24 42
8 28 43
9 43 2
9 75 40
7 90 23
x
9 97 0
x
x
11 68 10
9 28 44
14 78 16
6 73 16
x
x
11 33 17
